<?xml version="1.0" encoding="UTF-8"?>
<!-- Generated by org.testng.reporters.JUnitReportReporter -->
<testsuite hostname="LappySantanil-s" failures="0" tests="1" name="tests.FooterLinkValidation" time="18.087" errors="0" timestamp="2023-06-26T13:43:59 IST" skipped="0">
  <testcase classname="tests.FooterLinkValidation" name="TC1_DiscountCoupons" time="18.087"/>
  <system-out/>
</testsuite> <!-- tests.FooterLinkValidation -->
